Traceback (most recent call last):
  File "/opt/hostedtoolcache/Python/3.11.14/x64/lib/python3.11/site-packages/jupyter_cache/executors/utils.py", line 58, in single_nb_execution
    executenb(
  File "/opt/hostedtoolcache/Python/3.11.14/x64/lib/python3.11/site-packages/nbclient/client.py", line 1323, in execute
    return NotebookClient(nb=nb, resources=resources, km=km, **kwargs).execute()
           ^^^^^^^^^^^^^^^^^^^^^^^^^^^^^^^^^^^^^^^^^^^^^^^^^^^^^^^^^^^^^^^^^^^^^
  File "/opt/hostedtoolcache/Python/3.11.14/x64/lib/python3.11/site-packages/jupyter_core/utils/__init__.py", line 165, in wrapped
    return loop.run_until_complete(inner)
           ^^^^^^^^^^^^^^^^^^^^^^^^^^^^^^
  File "/opt/hostedtoolcache/Python/3.11.14/x64/lib/python3.11/asyncio/base_events.py", line 654, in run_until_complete
    return future.result()
           ^^^^^^^^^^^^^^^
  File "/opt/hostedtoolcache/Python/3.11.14/x64/lib/python3.11/site-packages/nbclient/client.py", line 709, in async_execute
    await self.async_execute_cell(
  File "/opt/hostedtoolcache/Python/3.11.14/x64/lib/python3.11/site-packages/nbclient/client.py", line 1062, in async_execute_cell
    await self._check_raise_for_error(cell, cell_index, exec_reply)
  File "/opt/hostedtoolcache/Python/3.11.14/x64/lib/python3.11/site-packages/nbclient/client.py", line 918, in _check_raise_for_error
    raise CellExecutionError.from_cell_and_msg(cell, exec_reply_content)
nbclient.exceptions.CellExecutionError: An error occurred while executing the following cell:
------------------
oxygen_profile = pvdeg.diffusion.esdiffusion(
    temperature=temperature,
    edge_seal=es,
    encapsulant=enc,
    edge_seal_width=esw,
    encapsulant_width=encw,
    seal_nodes=sn,
    encapsulant_nodes=en,
    press=pressure,
    repeat=2,
)
------------------

----- stdout -----
Oxygen ingress parameters loaded for the edge seal.
Oxygen ingress parameters loaded for the encapsulant.
The edge seal is Helioseal_101_dry .
The encapsulant is Unknown .
------------------

[31m---------------------------------------------------------------------------[39m
[31mAttributeError[39m                            Traceback (most recent call last)
[36mCell[39m[36m [39m[32mIn[8][39m[32m, line 1[39m
[32m----> [39m[32m1[39m oxygen_profile = [43mpvdeg[49m[43m.[49m[43mdiffusion[49m[43m.[49m[43mesdiffusion[49m[43m([49m
[32m      2[39m [43m    [49m[43mtemperature[49m[43m=[49m[43mtemperature[49m[43m,[49m
[32m      3[39m [43m    [49m[43medge_seal[49m[43m=[49m[43mes[49m[43m,[49m
[32m      4[39m [43m    [49m[43mencapsulant[49m[43m=[49m[43menc[49m[43m,[49m
[32m      5[39m [43m    [49m[43medge_seal_width[49m[43m=[49m[43mesw[49m[43m,[49m
[32m      6[39m [43m    [49m[43mencapsulant_width[49m[43m=[49m[43mencw[49m[43m,[49m
[32m      7[39m [43m    [49m[43mseal_nodes[49m[43m=[49m[43msn[49m[43m,[49m
[32m      8[39m [43m    [49m[43mencapsulant_nodes[49m[43m=[49m[43men[49m[43m,[49m
[32m      9[39m [43m    [49m[43mpress[49m[43m=[49m[43mpressure[49m[43m,[49m
[32m     10[39m [43m    [49m[43mrepeat[49m[43m=[49m[32;43m2[39;49m[43m,[49m
[32m     11[39m [43m)[49m

[36mFile [39m[32m/opt/hostedtoolcache/Python/3.11.14/x64/lib/python3.11/site-packages/pvdeg/diffusion.py:174[39m, in [36mesdiffusion[39m[34m(temperature, edge_seal, encapsulant, edge_seal_width, encapsulant_width, seal_nodes, encapsulant_nodes, press, repeat, Dos, Eads, Sos, Eass, Doe, Eade, Soe, Ease, react_func, deg_func, deg, perm, printout, **kwarg)[39m
[32m    172[39m     Doe = _get_value(encp, [33m"[39m[33mDo[39m[33m"[39m)
[32m    173[39m [38;5;28;01mif[39;00m Eade [38;5;129;01mis[39;00m [38;5;28;01mNone[39;00m:
[32m--> [39m[32m174[39m     Eade = [43mencp[49m[43m.[49m[43mget[49m[43m([49m[33;43m"[39;49m[33;43mEad[39;49m[33;43m"[39;49m[43m,[49m[43m [49m[43m{[49m[43m}[49m[43m)[49m[43m.[49m[43mget[49m([33m"[39m[33mvalue[39m[33m"[39m) / R_GAS
[32m    175[39m [38;5;28;01melse[39;00m:
[32m    176[39m     Eade = Eade / R_GAS

[31mAttributeError[39m: 'float' object has no attribute 'get'

